#
# There is insufficient memory for the Java Runtime Environment to continue.
# Native memory allocation (mmap) failed to map 266338304 bytes. Error detail: G1 virtual space
# Possible reasons:
#   The system is out of physical RAM or swap space
#   This process is running with CompressedOops enabled, and the Java Heap may be blocking the growth of the native heap
# Possible solutions:
#   Reduce memory load on the system
#   Increase physical memory or swap space
#   Check if swap backing store is full
#   Decrease Java heap size (-Xmx/-Xms)
#   Decrease number of Java threads
#   Decrease Java thread stack sizes (-Xss)
#   Set larger code cache with -XX:ReservedCodeCacheSize=
#   JVM is running with Zero Based Compressed Oops mode in which the Java heap is
#     placed in the first 32GB address space. The Java Heap base address is the
#     maximum limit for the native heap growth. Please use -XX:HeapBaseMinAddress
#     to set the Java Heap base and to place the Java Heap above 32GB virtual address.
# This output file may be truncated or incomplete.
#
#  Out of Memory Error (os_windows.cpp:3828), pid=13988, tid=3744
#
# JRE version:  (21.0.4+13) (build )
# Java VM: OpenJDK 64-Bit Server VM (21.0.4+13-b509.17, mixed mode, sharing, tiered, compressed oops, compressed class ptrs, g1 gc, windows-amd64)
# No core dump will be written. Minidumps are not enabled by default on client versions of Windows
#

---------------  S U M M A R Y ------------

Command Line: git4idea.http.GitAskPassApp Username for 'https://github.com': 

Host: AMD Ryzen 5 5500                               , 12 cores, 15G,  Windows 11 , 64 bit Build 26100 (10.0.26100.2161)
Time: Tue Nov 19 22:30:38 2024 Hora estándar de Argentina elapsed time: 1.081636 seconds (0d 0h 0m 1s)

---------------  T H R E A D  ---------------

Current thread (0x0000013c04e739f0):  JavaThread "Unknown thread" [_thread_in_vm, id=3744, stack(0x0000001e34900000,0x0000001e34a00000) (1024K)]

Stack: [0x0000001e34900000,0x0000001e34a00000]
Native frames: (J=compiled Java code, j=interpreted, Vv=VM code, C=native code)
V  [jvm.dll+0x6e36d9]
V  [jvm.dll+0x8c0bd3]
V  [jvm.dll+0x8c312e]
V  [jvm.dll+0x8c3813]
V  [jvm.dll+0x288256]
V  [jvm.dll+0x6dfe65]
V  [jvm.dll+0x6d433a]
V  [jvm.dll+0x36209b]
V  [jvm.dll+0x369c46]
V  [jvm.dll+0x3bbd76]
V  [jvm.dll+0x3bc048]
V  [jvm.dll+0x33485c]
V  [jvm.dll+0x33554b]
V  [jvm.dll+0x888039]
V  [jvm.dll+0x3c8ea8]
V  [jvm.dll+0x8711d8]
V  [jvm.dll+0x45d85e]
V  [jvm.dll+0x45f541]
C  [jli.dll+0x52ab]
C  [ucrtbase.dll+0x14ea0]
C  [KERNEL32.DLL+0x2dbe7]
C  [ntdll.dll+0xdfbec]


---------------  P R O C E S S  ---------------

Threads class SMR info:
_java_thread_list=0x00007ffef0c92108, length=0, elements={
}

Java Threads: ( => current thread )
Total: 0

Other Threads:
  0x0000013c07250620 WorkerThread "GC Thread#0"                     [id=15504, stack(0x0000001e34a00000,0x0000001e34b00000) (1024K)]
  0x0000013c07261400 ConcurrentGCThread "G1 Main Marker"            [id=10964, stack(0x0000001e34b00000,0x0000001e34c00000) (1024K)]
  0x0000013c07264c40 WorkerThread "G1 Conc#0"                       [id=15996, stack(0x0000001e34c00000,0x0000001e34d00000) (1024K)]

[error occurred during error reporting (printing all threads), id 0xc0000005, EXCEPTION_ACCESS_VIOLATION (0xc0000005) at pc=0x00007ffef0387917]
VM state: not at safepoint (not fully initialized)

VM Mutex/Monitor currently owned by a thread:  ([mutex/lock_event])
[0x00007ffef0d06a48] Heap_lock - owner thread: 0x0000013c04e739f0

Heap address: 0x0000000702000000, size: 4064 MB, Compressed Oops mode: Zero based, Oop shift amount: 3

CDS archive(s) mapped at: [0x0000000000000000-0x0000000000000000-0x0000000000000000), size 0, SharedBaseAddress: 0x0000000800000000, ArchiveRelocationMode: 1.
Narrow klass base: 0x0000000000000000, Narrow klass shift: 0, Narrow klass range: 0x0

GC Precious Log:
 CardTable entry size: 512
 Card Set container configuration: InlinePtr #cards 4 size 8 Array Of Cards #cards 16 size 48 Howl #buckets 8 coarsen threshold 3686 Howl Bitmap #cards 512 size 80 coarsen threshold 460 Card regions per heap region 1 cards per card region 4096

Heap:
 garbage-first heap   total 0K, used 0K [0x0000000702000000, 0x0000000800000000)
  region size 2048K, 0 young (0K), 0 survivors (0K)
 Metaspace       used 0K, committed 0K, reserved 0K
  class space    used 0K, committed 0K, reserved 0K

Heap Regions: E=young(eden), S=young(survivor), O=old, HS=humongous(starts), HC=humongous(continues), CS=collection set, F=free, TAMS=top-at-mark-start, PB=parsable bottom

Card table byte_map: [0x0000013c1ae50000,0x0000013c1b640000] _byte_map_base: 0x0000013c17640000

Marking Bits: (CMBitMap*) 0x0000013c07250d20
 Bits: [0x0000013c1b640000, 0x0000013c1f5c0000)

GC Heap History (0 events):
No events

Dll operation events (1 events):
Event: 0.007 Loaded shared library C:\Program Files\JetBrains\IntelliJ IDEA 2024.2.3\jbr\bin\java.dll

Deoptimization events (0 events):
No events

Classes loaded (0 events):
No events

Classes unloaded (0 events):
No events

Classes redefined (0 events):
No events

Internal exceptions (0 events):
No events

ZGC Phase Switch (0 events):
No events

VM Operations (0 events):
No events

Memory protections (0 events):
No events

Nmethod flushes (0 events):
No events

Events (0 events):
No events


Dynamic libraries:
0x00007ff648860000 - 0x00007ff64886a000 	C:\Program Files\JetBrains\IntelliJ IDEA 2024.2.3\jbr\bin\java.exe
0x00007fff6ea80000 - 0x00007fff6ece3000 	C:\WINDOWS\SYSTEM32\ntdll.dll
0x00007fff6def0000 - 0x00007fff6dfb8000 	C:\WINDOWS\System32\KERNEL32.DLL
0x00007fff6c1b0000 - 0x00007fff6c561000 	C:\WINDOWS\System32\KERNELBASE.dll
0x00007fff6be70000 - 0x00007fff6bfbb000 	C:\WINDOWS\System32\ucrtbase.dll
0x00007fff47020000 - 0x00007fff4703b000 	C:\Program Files\JetBrains\IntelliJ IDEA 2024.2.3\jbr\bin\VCRUNTIME140.dll
0x00007fff62a40000 - 0x00007fff62a58000 	C:\Program Files\JetBrains\IntelliJ IDEA 2024.2.3\jbr\bin\jli.dll
0x00007fff6d7e0000 - 0x00007fff6d9a8000 	C:\WINDOWS\System32\USER32.dll
0x00007fff6c8c0000 - 0x00007fff6c8e7000 	C:\WINDOWS\System32\win32u.dll
0x00007fff572e0000 - 0x00007fff57570000 	C:\WINDOWS\WinSxS\amd64_microsoft.windows.common-controls_6595b64144ccf1df_6.0.26100.2161_none_3e0cadb0e33078e1\COMCTL32.dll
0x00007fff6e4d0000 - 0x00007fff6e4fa000 	C:\WINDOWS\System32\GDI32.dll
0x00007fff6e990000 - 0x00007fff6ea39000 	C:\WINDOWS\System32\msvcrt.dll
0x00007fff6bfc0000 - 0x00007fff6c0e5000 	C:\WINDOWS\System32\gdi32full.dll
0x00007fff6c570000 - 0x00007fff6c613000 	C:\WINDOWS\System32\msvcp_win.dll
0x00007fff6e140000 - 0x00007fff6e16f000 	C:\WINDOWS\System32\IMM32.DLL
0x00007fff63cd0000 - 0x00007fff63cdc000 	C:\Program Files\JetBrains\IntelliJ IDEA 2024.2.3\jbr\bin\vcruntime140_1.dll
0x00007fff3c980000 - 0x00007fff3ca0d000 	C:\Program Files\JetBrains\IntelliJ IDEA 2024.2.3\jbr\bin\msvcp140.dll
0x00007ffef0040000 - 0x00007ffef0df7000 	C:\Program Files\JetBrains\IntelliJ IDEA 2024.2.3\jbr\bin\server\jvm.dll
0x00007fff6d9b0000 - 0x00007fff6da64000 	C:\WINDOWS\System32\ADVAPI32.dll
0x00007fff6cc50000 - 0x00007fff6ccf6000 	C:\WINDOWS\System32\sechost.dll
0x00007fff6d6c0000 - 0x00007fff6d7d6000 	C:\WINDOWS\System32\RPCRT4.dll
0x00007fff6cb40000 - 0x00007fff6cbb4000 	C:\WINDOWS\System32\WS2_32.dll
0x00007fff6bd00000 - 0x00007fff6bd4e000 	C:\WINDOWS\SYSTEM32\POWRPROF.dll
0x00007fff5a880000 - 0x00007fff5a8b6000 	C:\WINDOWS\SYSTEM32\WINMM.dll
0x00007fff64f50000 - 0x00007fff64f5b000 	C:\WINDOWS\SYSTEM32\VERSION.dll
0x00007fff6bce0000 - 0x00007fff6bcf4000 	C:\WINDOWS\SYSTEM32\UMPDC.dll
0x00007fff6ac80000 - 0x00007fff6ac9a000 	C:\WINDOWS\SYSTEM32\kernel.appcore.dll
0x00007fff62b90000 - 0x00007fff62b9a000 	C:\Program Files\JetBrains\IntelliJ IDEA 2024.2.3\jbr\bin\jimage.dll
0x00007fff64a00000 - 0x00007fff64c41000 	C:\WINDOWS\SYSTEM32\DBGHELP.DLL
0x00007fff6db60000 - 0x00007fff6dedd000 	C:\WINDOWS\System32\combase.dll
0x00007fff6d5e0000 - 0x00007fff6d6b6000 	C:\WINDOWS\System32\OLEAUT32.dll
0x00007fff56d10000 - 0x00007fff56d49000 	C:\WINDOWS\SYSTEM32\dbgcore.DLL
0x00007fff6c7a0000 - 0x00007fff6c839000 	C:\WINDOWS\System32\bcryptPrimitives.dll
0x00007fff442f0000 - 0x00007fff4430f000 	C:\Program Files\JetBrains\IntelliJ IDEA 2024.2.3\jbr\bin\java.dll

dbghelp: loaded successfully - version: 4.0.5 - missing functions: none
symbol engine: initialized successfully - sym options: 0x614 - pdb path: .;C:\Program Files\JetBrains\IntelliJ IDEA 2024.2.3\jbr\bin;C:\WINDOWS\SYSTEM32;C:\WINDOWS\WinSxS\amd64_microsoft.windows.common-controls_6595b64144ccf1df_6.0.26100.2161_none_3e0cadb0e33078e1;C:\Program Files\JetBrains\IntelliJ IDEA 2024.2.3\jbr\bin\server

VM Arguments:
java_command: git4idea.http.GitAskPassApp Username for 'https://github.com': 
java_class_path (initial): C:/Program Files/JetBrains/IntelliJ IDEA 2024.2.3/plugins/vcs-git/lib/git4idea-rt.jar;C:/Program Files/JetBrains/IntelliJ IDEA 2024.2.3/lib/externalProcess-rt.jar
Launcher Type: SUN_STANDARD

[Global flags]
     intx CICompilerCount                          = 4                                         {product} {ergonomic}
     uint ConcGCThreads                            = 3                                         {product} {ergonomic}
     uint G1ConcRefinementThreads                  = 10                                        {product} {ergonomic}
   size_t G1HeapRegionSize                         = 2097152                                   {product} {ergonomic}
    uintx GCDrainStackTargetSize                   = 64                                        {product} {ergonomic}
   size_t InitialHeapSize                          = 266338304                                 {product} {ergonomic}
   size_t MarkStackSize                            = 4194304                                   {product} {ergonomic}
   size_t MaxHeapSize                              = 4261412864                                {product} {ergonomic}
   size_t MinHeapDeltaBytes                        = 2097152                                   {product} {ergonomic}
   size_t MinHeapSize                              = 8388608                                   {product} {ergonomic}
    uintx NonNMethodCodeHeapSize                   = 5839372                                {pd product} {ergonomic}
    uintx NonProfiledCodeHeapSize                  = 122909434                              {pd product} {ergonomic}
    uintx ProfiledCodeHeapSize                     = 122909434                              {pd product} {ergonomic}
    uintx ReservedCodeCacheSize                    = 251658240                              {pd product} {ergonomic}
     bool SegmentedCodeCache                       = true                                      {product} {ergonomic}
   size_t SoftMaxHeapSize                          = 4261412864                             {manageable} {ergonomic}
     bool UseCompressedOops                        = true                           {product lp64_product} {ergonomic}
     bool UseG1GC                                  = true                                      {product} {ergonomic}
     bool UseLargePagesIndividualAllocation        = false                                  {pd product} {ergonomic}

Logging:
Log output configuration:
 #0: stdout all=warning uptime,level,tags foldmultilines=false
 #1: stderr all=off uptime,level,tags foldmultilines=false

Environment Variables:
PATH=C:/Program Files/Git/mingw64/libexec/git-core;C:/Program Files/Git/mingw64/libexec/git-core;C:\Program Files\Git\mingw64\bin;C:\Program Files\Git\usr\bin;C:\Users\prueba\bin;C:\Program Files\Common Files\Oracle\Java\javapath;C:\Program Files (x86)\Common Files\Oracle\Java\javapath;C:\Windows\system32;C:\Windows;C:\Windows\System32\Wbem;C:\Windows\System32\WindowsPowerShell\v1.0\;C:\Windows\System32\OpenSSH\;C:\Program Files (x86)\NVIDIA Corporation\PhysX\Common;C:\Program Files\NVIDIA Corporation\NVIDIA NvDLISR;C:\WINDOWS\system32;C:\WINDOWS;C:\WINDOWS\System32\Wbem;C:\WINDOWS\System32\WindowsPowerShell\v1.0\;C:\WINDOWS\System32\OpenSSH\;C:\Program Files\dotnet\;C:\Program Files\Git\cmd;C:\workspace\apache-maven-3.9.9\bin;C:\Program Files\nodejs\;C:\Users\prueba\AppData\Local\Programs\Eclipse Adoptium\jdk-21.0.4.7-hotspot\bin;C:\Users\prueba\AppData\Local\Microsoft\WindowsApps;C:\Users\prueba\AppData\Roaming\npm
USERNAME=prueba
DISPLAY=:0.0
LC_ALL=en_US.UTF-8
TERM=xterm-256color
TMPDIR=C:\Users\prueba\AppData\Local\Temp
OS=Windows_NT
PROCESSOR_IDENTIFIER=AMD64 Family 25 Model 80 Stepping 0, AuthenticAMD
TMP=C:\Users\prueba\AppData\Local\Temp
TEMP=C:\Users\prueba\AppData\Local\Temp




Periodic native trim disabled

JNI global refs:
JNI global refs: 0, weak refs: 0

JNI global refs memory usage: 0, weak refs: 0

Process memory usage:
Resident Set Size: 12824K (0% of 16645840K total physical memory with 5502800K free physical memory)

OOME stack traces (most recent first):
Classloader memory used:

---------------  S Y S T E M  ---------------

OS:
 Windows 11 , 64 bit Build 26100 (10.0.26100.2161)
OS uptime: 0 days 3:02 hours
Hyper-V role detected

CPU: total 12 (initial active 12) (12 cores per cpu, 2 threads per core) family 25 model 80 stepping 0 microcode 0xa50000f, cx8, cmov, fxsr, ht, mmx, 3dnowpref, sse, sse2, sse3, ssse3, sse4a, sse4.1, sse4.2, popcnt, lzcnt, tsc, tscinvbit, avx, avx2, aes, erms, clmul, bmi1, bmi2, adx, sha, fma, vzeroupper, clflush, clflushopt, hv, rdtscp, rdpid, fsrm, f16c, cet_ss
Processor Information for all 12 processors :
  Max Mhz: 3600, Current Mhz: 3600, Mhz Limit: 3600

Memory: 4k page, system-wide physical 16255M (5373M free)
TotalPageFile size 19182M (AvailPageFile size 155M)
current process WorkingSet (physical memory assigned to process): 12M, peak: 12M
current process commit charge ("private bytes"): 64M, peak: 318M

vm_info: OpenJDK 64-Bit Server VM (21.0.4+13-b509.17) for windows-amd64 JRE (21.0.4+13-b509.17), built on 2024-09-04 by "builduser" with MS VC++ 16.10 / 16.11 (VS2019)

END.
