#
# There is insufficient memory for the Java Runtime Environment to continue.
# Native memory allocation (mmap) failed to map 266338304 bytes. Error detail: G1 virtual space
# Possible reasons:
#   The system is out of physical RAM or swap space
#   This process is running with CompressedOops enabled, and the Java Heap may be blocking the growth of the native heap
# Possible solutions:
#   Reduce memory load on the system
#   Increase physical memory or swap space
#   Check if swap backing store is full
#   Decrease Java heap size (-Xmx/-Xms)
#   Decrease number of Java threads
#   Decrease Java thread stack sizes (-Xss)
#   Set larger code cache with -XX:ReservedCodeCacheSize=
#   JVM is running with Zero Based Compressed Oops mode in which the Java heap is
#     placed in the first 32GB address space. The Java Heap base address is the
#     maximum limit for the native heap growth. Please use -XX:HeapBaseMinAddress
#     to set the Java Heap base and to place the Java Heap above 32GB virtual address.
# This output file may be truncated or incomplete.
#
#  Out of Memory Error (os_windows.cpp:3703), pid=17484, tid=17892
#
# JRE version:  (23.0.1+11) (build )
# Java VM: OpenJDK 64-Bit Server VM (23.0.1+11-39, mixed mode, emulated-client, sharing, tiered, compressed oops, compressed class ptrs, g1 gc, windows-amd64)
# No core dump will be written. Minidumps are not enabled by default on client versions of Windows
#

---------------  S U M M A R Y ------------

Command Line: -XX:TieredStopAtLevel=1 -Dspring.output.ansi.enabled=always -Dcom.sun.management.jmxremote -Dspring.jmx.enabled=true -Dspring.liveBeansView.mbeanDomain -Dspring.application.admin.enabled=true -Dmanagement.endpoints.jmx.exposure.include=* -javaagent:C:\Program Files\JetBrains\IntelliJ IDEA 2024.2.3\lib\idea_rt.jar=52693:C:\Program Files\JetBrains\IntelliJ IDEA 2024.2.3\bin -Dfile.encoding=UTF-8 -Dsun.stdout.encoding=UTF-8 -Dsun.stderr.encoding=UTF-8 edu.unsada.yimeil.YimeilApplication

Host: AMD Ryzen 5 5500                               , 12 cores, 15G,  Windows 11 , 64 bit Build 26100 (10.0.26100.2161)
Time: Tue Nov 26 00:27:47 2024 Hora estándar de Argentina elapsed time: 1.136466 seconds (0d 0h 0m 1s)

---------------  T H R E A D  ---------------

Current thread (0x000001949e0a6740):  JavaThread "Unknown thread" [_thread_in_vm, id=17892, stack(0x000000594b700000,0x000000594b800000) (1024K)]

Stack: [0x000000594b700000,0x000000594b800000]
Native frames: (J=compiled Java code, j=interpreted, Vv=VM code, C=native code)
V  [jvm.dll+0x6e08b9]  (no source info available)
V  [jvm.dll+0x87dc83]  (no source info available)
V  [jvm.dll+0x88010e]  (no source info available)
V  [jvm.dll+0x8807e3]  (no source info available)
V  [jvm.dll+0x27aee6]  (no source info available)
V  [jvm.dll+0x6dd1c5]  (no source info available)
V  [jvm.dll+0x6d104a]  (no source info available)
V  [jvm.dll+0x35b3ea]  (no source info available)
V  [jvm.dll+0x3637f6]  (no source info available)
V  [jvm.dll+0x34fd5e]  (no source info available)
V  [jvm.dll+0x34fff8]  (no source info available)
V  [jvm.dll+0x3289cc]  (no source info available)
V  [jvm.dll+0x32966e]  (no source info available)
V  [jvm.dll+0x844355]  (no source info available)
V  [jvm.dll+0x3b9848]  (no source info available)
V  [jvm.dll+0x82d14c]  (no source info available)
V  [jvm.dll+0x454d4e]  (no source info available)
V  [jvm.dll+0x456bd1]  (no source info available)
C  [jli.dll+0x52a3]  (no source info available)
C  [ucrtbase.dll+0x14ea0]  (no source info available)
C  [KERNEL32.DLL+0x2dbe7]  (no source info available)
C  [ntdll.dll+0xdfbec]  (no source info available)

Lock stack of current Java thread (top to bottom):


---------------  P R O C E S S  ---------------

Threads class SMR info:
_java_thread_list=0x00007ffe11a93618, length=0, elements={
}

Java Threads: ( => current thread )
Total: 0

Other Threads:
  0x00000194a03be950 WorkerThread "GC Thread#0"                     [id=19860, stack(0x000000594b800000,0x000000594b900000) (1024K)]
  0x00000194a03d4550 ConcurrentGCThread "G1 Main Marker"            [id=16504, stack(0x000000594b900000,0x000000594ba00000) (1024K)]
  0x00000194a03d5710 WorkerThread "G1 Conc#0"                       [id=15488, stack(0x000000594ba00000,0x000000594bb00000) (1024K)]

[error occurred during error reporting (printing all threads), id 0xc0000005, EXCEPTION_ACCESS_VIOLATION (0xc0000005) at pc=0x00007ffe111dbfba]
VM state: not at safepoint (not fully initialized)

VM Mutex/Monitor currently owned by a thread:  ([mutex/lock_event])
[0x00007ffe11b13a10] Heap_lock - owner thread: 0x000001949e0a6740

Heap address: 0x0000000702000000, size: 4064 MB, Compressed Oops mode: Zero based, Oop shift amount: 3

CDS archive(s) mapped at: [0x0000000000000000-0x0000000000000000-0x0000000000000000), size 0, SharedBaseAddress: 0x0000000800000000, ArchiveRelocationMode: 1.
Narrow klass base: 0x0000000000000000, Narrow klass shift: 0, Narrow klass range: 0x0

GC Precious Log:
 CardTable entry size: 512
 Card Set container configuration: InlinePtr #cards 4 size 8 Array Of Cards #cards 16 size 48 Howl #buckets 8 coarsen threshold 3686 Howl Bitmap #cards 512 size 80 coarsen threshold 460 Card regions per heap region 1 cards per card region 4096

Heap:
 garbage-first heap   total reserved 4161536K, committed 0K, used 0K [0x0000000702000000, 0x0000000800000000)
  region size 2048K, 0 young (0K), 0 survivors (0K)

[error occurred during error reporting (printing heap information), id 0xc0000005, EXCEPTION_ACCESS_VIOLATION (0xc0000005) at pc=0x00007ffe115dc3c9]
GC Heap History (0 events):
No events

Dll operation events (1 events):
Event: 0.018 Loaded shared library C:\Users\prueba\.jdks\openjdk-23.0.1\bin\java.dll

Deoptimization events (0 events):
No events

Classes loaded (0 events):
No events

Classes unloaded (0 events):
No events

Classes redefined (0 events):
No events

Internal exceptions (0 events):
No events

VM Operations (0 events):
No events

Memory protections (0 events):
No events

Nmethod flushes (0 events):
No events

Events (0 events):
No events


Dynamic libraries:
0x00007ff6156b0000 - 0x00007ff6156be000 	C:\Users\prueba\.jdks\openjdk-23.0.1\bin\java.exe
0x00007ffe5e560000 - 0x00007ffe5e7c3000 	C:\WINDOWS\SYSTEM32\ntdll.dll
0x00007ffe5e090000 - 0x00007ffe5e158000 	C:\WINDOWS\System32\KERNEL32.DLL
0x00007ffe5baa0000 - 0x00007ffe5be51000 	C:\WINDOWS\System32\KERNELBASE.dll
0x00007ffe57e70000 - 0x00007ffe57f0c000 	C:\WINDOWS\SYSTEM32\apphelp.dll
0x00007ffe5be90000 - 0x00007ffe5bfdb000 	C:\WINDOWS\System32\ucrtbase.dll
0x00007ffe4ae50000 - 0x00007ffe4ae67000 	C:\Users\prueba\.jdks\openjdk-23.0.1\bin\jli.dll
0x00007ffe4a730000 - 0x00007ffe4a74b000 	C:\Users\prueba\.jdks\openjdk-23.0.1\bin\VCRUNTIME140.dll
0x00007ffe5d900000 - 0x00007ffe5dac8000 	C:\WINDOWS\System32\USER32.dll
0x00007ffe5be60000 - 0x00007ffe5be87000 	C:\WINDOWS\System32\win32u.dll
0x00007ffe46e50000 - 0x00007ffe470e0000 	C:\WINDOWS\WinSxS\amd64_microsoft.windows.common-controls_6595b64144ccf1df_6.0.26100.2161_none_3e0cadb0e33078e1\COMCTL32.dll
0x00007ffe5e3e0000 - 0x00007ffe5e40a000 	C:\WINDOWS\System32\GDI32.dll
0x00007ffe5e170000 - 0x00007ffe5e219000 	C:\WINDOWS\System32\msvcrt.dll
0x00007ffe5c220000 - 0x00007ffe5c345000 	C:\WINDOWS\System32\gdi32full.dll
0x00007ffe5b9f0000 - 0x00007ffe5ba93000 	C:\WINDOWS\System32\msvcp_win.dll
0x00007ffe5d070000 - 0x00007ffe5d09f000 	C:\WINDOWS\System32\IMM32.DLL
0x00007ffe54a60000 - 0x00007ffe54a6c000 	C:\Users\prueba\.jdks\openjdk-23.0.1\bin\vcruntime140_1.dll
0x00007ffe4a0d0000 - 0x00007ffe4a15e000 	C:\Users\prueba\.jdks\openjdk-23.0.1\bin\msvcp140.dll
0x00007ffe10ea0000 - 0x00007ffe11bef000 	C:\Users\prueba\.jdks\openjdk-23.0.1\bin\server\jvm.dll
0x00007ffe5e460000 - 0x00007ffe5e514000 	C:\WINDOWS\System32\ADVAPI32.dll
0x00007ffe5d0b0000 - 0x00007ffe5d156000 	C:\WINDOWS\System32\sechost.dll
0x00007ffe5c620000 - 0x00007ffe5c736000 	C:\WINDOWS\System32\RPCRT4.dll
0x00007ffe5d170000 - 0x00007ffe5d1e4000 	C:\WINDOWS\System32\WS2_32.dll
0x00007ffe5b7e0000 - 0x00007ffe5b82e000 	C:\WINDOWS\SYSTEM32\POWRPROF.dll
0x00007ffe46590000 - 0x00007ffe465c6000 	C:\WINDOWS\SYSTEM32\WINMM.dll
0x00007ffe53be0000 - 0x00007ffe53beb000 	C:\WINDOWS\SYSTEM32\VERSION.dll
0x00007ffe5b7c0000 - 0x00007ffe5b7d4000 	C:\WINDOWS\SYSTEM32\UMPDC.dll
0x00007ffe5a7a0000 - 0x00007ffe5a7ba000 	C:\WINDOWS\SYSTEM32\kernel.appcore.dll
0x00007ffe53220000 - 0x00007ffe5322a000 	C:\Users\prueba\.jdks\openjdk-23.0.1\bin\jimage.dll
0x00007ffe54b10000 - 0x00007ffe54d51000 	C:\WINDOWS\SYSTEM32\DBGHELP.DLL
0x00007ffe5c740000 - 0x00007ffe5cabd000 	C:\WINDOWS\System32\combase.dll
0x00007ffe5cf90000 - 0x00007ffe5d066000 	C:\WINDOWS\System32\OLEAUT32.dll
0x00007ffe46dd0000 - 0x00007ffe46e09000 	C:\WINDOWS\SYSTEM32\dbgcore.DLL
0x00007ffe5b950000 - 0x00007ffe5b9e9000 	C:\WINDOWS\System32\bcryptPrimitives.dll
0x00007ffe52110000 - 0x00007ffe5211f000 	C:\Users\prueba\.jdks\openjdk-23.0.1\bin\instrument.dll
0x00007ffe4a0b0000 - 0x00007ffe4a0ce000 	C:\Users\prueba\.jdks\openjdk-23.0.1\bin\java.dll
0x00007ffe5cac0000 - 0x00007ffe5cc59000 	C:\WINDOWS\System32\ole32.dll
0x00007ffe5d1f0000 - 0x00007ffe5d8ef000 	C:\WINDOWS\System32\SHELL32.dll

dbghelp: loaded successfully - version: 4.0.5 - missing functions: none
symbol engine: initialized successfully - sym options: 0x614 - pdb path: .;C:\Users\prueba\.jdks\openjdk-23.0.1\bin;C:\WINDOWS\SYSTEM32;C:\WINDOWS\WinSxS\amd64_microsoft.windows.common-controls_6595b64144ccf1df_6.0.26100.2161_none_3e0cadb0e33078e1;C:\Users\prueba\.jdks\openjdk-23.0.1\bin\server

VM Arguments:
jvm_args: -XX:TieredStopAtLevel=1 -Dspring.output.ansi.enabled=always -Dcom.sun.management.jmxremote -Dspring.jmx.enabled=true -Dspring.liveBeansView.mbeanDomain -Dspring.application.admin.enabled=true -Dmanagement.endpoints.jmx.exposure.include=* -javaagent:C:\Program Files\JetBrains\IntelliJ IDEA 2024.2.3\lib\idea_rt.jar=52693:C:\Program Files\JetBrains\IntelliJ IDEA 2024.2.3\bin -Dfile.encoding=UTF-8 -Dsun.stdout.encoding=UTF-8 -Dsun.stderr.encoding=UTF-8 
java_command: edu.unsada.yimeil.YimeilApplication
java_class_path (initial): C:\Users\prueba\Desktop\Nueva carpeta (2)\yimeil\target\classes;C:\Users\prueba\.m2\repository\org\springframework\boot\spring-boot-starter-web\3.3.5\spring-boot-starter-web-3.3.5.jar;C:\Users\prueba\.m2\repository\org\springframework\boot\spring-boot-starter\3.3.5\spring-boot-starter-3.3.5.jar;C:\Users\prueba\.m2\repository\org\springframework\boot\spring-boot-starter-logging\3.3.5\spring-boot-starter-logging-3.3.5.jar;C:\Users\prueba\.m2\repository\ch\qos\logback\logback-classic\1.5.11\logback-classic-1.5.11.jar;C:\Users\prueba\.m2\repository\ch\qos\logback\logback-core\1.5.11\logback-core-1.5.11.jar;C:\Users\prueba\.m2\repository\org\apache\logging\log4j\log4j-to-slf4j\2.23.1\log4j-to-slf4j-2.23.1.jar;C:\Users\prueba\.m2\repository\org\apache\logging\log4j\log4j-api\2.23.1\log4j-api-2.23.1.jar;C:\Users\prueba\.m2\repository\org\slf4j\jul-to-slf4j\2.0.16\jul-to-slf4j-2.0.16.jar;C:\Users\prueba\.m2\repository\org\yaml\snakeyaml\2.2\snakeyaml-2.2.jar;C:\Users\prueba\.m2\repository\org\springframework\boot\spring-boot-starter-json\3.3.5\spring-boot-starter-json-3.3.5.jar;C:\Users\prueba\.m2\repository\com\fasterxml\jackson\core\jackson-databind\2.17.2\jackson-databind-2.17.2.jar;C:\Users\prueba\.m2\repository\com\fasterxml\jackson\core\jackson-annotations\2.17.2\jackson-annotations-2.17.2.jar;C:\Users\prueba\.m2\repository\com\fasterxml\jackson\core\jackson-core\2.17.2\jackson-core-2.17.2.jar;C:\Users\prueba\.m2\repository\com\fasterxml\jackson\datatype\jackson-datatype-jdk8\2.17.2\jackson-datatype-jdk8-2.17.2.jar;C:\Users\prueba\.m2\repository\com\fasterxml\jackson\datatype\jackson-datatype-jsr310\2.17.2\jackson-datatype-jsr310-2.17.2.jar;C:\Users\prueba\.m2\repository\com\fasterxml\jackson\module\jackson-module-parameter-names\2.17.2\jackson-module-parameter-names-2.17.2.jar;C:\Users\prueba\.m2\repository\org\springframework\boot\spring-boot-starter-tomcat\3.3.5\spring-boot-starter-tomcat-3.3.5.jar;C:\Users\prueba\.m2\repository\org\apache\tomcat\embed\tomcat-embed-core\10.1.31\tomcat-embed-core-10.1.31.jar;C:\Users\prueba\.m2\repository\org\apache\tomcat\embed\tomcat-embed-el\10.1.31\tomcat-embed-el-10.1.31.jar;C:\Users\prueba\.m2\repository\org\apache\tomcat\embed\tomcat-embed-websocket\10.1.31\tomcat-embed-websocket-10.1.31.jar;C:\Users\prueba\.m2\repository\org\springframework\spring-web\6.1.14\spring-web-6.1.14.jar;C:\Users\prueba\.m2\repository\io\micrometer\micrometer-observation\1.13.6\micrometer-observation-1.13.6.jar;C:\Users\prueba\.m2\repository\io\micrometer\micrometer-commons\1.13.6\micrometer-commons-1.13.6.jar;C:\Users\prueba\.m2\repository\org\springframework\spring-webmvc\6.1.14\spring-webmvc-6.1.14.jar;C:\Users\prueba\.m2\repository\org\springframework\spring-expression\6.1.14\spring-expression-6.1.14.jar;C:\Users\prueba\.m2\repository\org\springframework\boot\spring-boot-devtools\3.3.5\spring-boot-devtools-3.3.5.jar;C:\Users\prueba\.m2\repository\org\springframework\boot\spring-boot\3.3.5\spring-boot-3.3.5.jar;C:\Users\prueba\.m2\repository\org\springframework\boot\spring-boot-autoconfigure\3.3.5\spring-boot-autoconfigure-3.3.5.jar;C:\Users\prueba\.m2\repository\com\mysql\mysql-connector-j\8.3.0\mysql-connector-j-8.3.0.jar;C:\Users\prueba\.m2\repository\org\projectlombok\lombok\1.18.34\lombok-1.18.34.jar;C:\Users\prueba\.m2\repository\jakarta\xml\bind\jakarta.xml.bind-api\4.0.2\jakarta.xml.bind-api-4.0.2.jar;C:\Users\prueba\.m2\repository\jakarta\activation\jakarta.activation-api\2.1.3\jakarta.activation-api-2.1.3.jar;C:\Users\prueba\.m2\repository\org\springframework\spring-core\6.1.14\spring-core-6.1.14.jar;C:\Users\prueba\.m2\repository\org\springframework\spring-jcl\6.1.14\spring-jcl-6.1.14.jar;C:\Users\prueba\.m2\repository\org\hibernate\orm\hibernate-core\6.1.7.Final\hibernate-core-6.1.7.Final.jar;C:\Users\prueba\.m2\repository\jakarta\persistence\jakarta.persistence-api\3.1.0\jakarta.persistence-api-3.1.0.jar;C:\Users\prueba\.m2\repository\jakarta\transaction\jakarta.transaction-api\2.0.1\jakarta.transaction-api-2.0.1.jar;C:\Users\prueba\.m2\repository\org\jboss\logging\jboss-logging\3.5.3.Final\jboss-logging-3.5.3.Final.jar;C:\Users\prueba\.m2\repository\org\hibernate\common\hibernate-commons-annotations\6.0.6.Final\hibernate-commons-annotations-6.0.6.Final.jar;C:\Users\prueba\.m2\repository\org\jboss\jandex\2.4.2.Final\jandex-2.4.2.Final.jar;C:\Users\prueba\.m2\repository\com\fasterxml\classmate\1.7.0\classmate-1.7.0.jar;C:\Users\prueba\.m2\repository\net\bytebuddy\byte-buddy\1.14.19\byte-buddy-1.14.19.jar;C:\Users\prueba\.m2\repository\org\glassfish\jaxb\jaxb-runtime\4.0.5\jaxb-runtime-4.0.5.jar;C:\Users\prueba\.m2\repository\org\glassfish\jaxb\jaxb-core\4.0.5\jaxb-core-4.0.5.jar;C:\Users\prueba\.m2\repository\org\eclipse\angus\angus-activation\2.0.2\angus-activation-2.0.2.jar;C:\Users\prueba\.m2\repository\org\glassfish\jaxb\txw2\4.0.5\txw2-4.0.5.jar;C:\Users\prueba\.m2\repository\com\sun\istack\istack-commons-runtime\4.1.2\istack-commons-runtime-4.1.2.jar;C:\Users\prueba\.m2\repository\jakarta\inject\jakarta.inject-api\2.0.1\jakarta.inject-api-2.0.1.jar;C:\Users\prueba\.m2\repository\org\antlr\antlr4-runtime\4.10.1\antlr4-runtime-4.10.1.jar;C:\Users\prueba\.m2\repository\org\springframework\data\spring-data-jpa\3.3.5\spring-data-jpa-3.3.5.jar;C:\Users\prueba\.m2\repository\org\springframework\data\spring-data-commons\3.3.5\spring-data-commons-3.3.5.jar;C:\Users\prueba\.m2\repository\org\springframework\spring-orm\6.1.14\spring-orm-6.1.14.jar;C:\Users\prueba\.m2\repository\org\springframework\spring-jdbc\6.1.14\spring-jdbc-6.1.14.jar;C:\Users\prueba\.m2\repository\org\springframework\spring-context\6.1.14\spring-context-6.1.14.jar;C:\Users\prueba\.m2\repository\org\springframework\spring-aop\6.1.14\spring-aop-6.1.14.jar;C:\Users\prueba\.m2\repository\org\springframework\spring-tx\6.1.14\spring-tx-6.1.14.jar;C:\Users\prueba\.m2\repository\org\springframework\spring-beans\6.1.14\spring-beans-6.1.14.jar;C:\Users\prueba\.m2\repository\jakarta\annotation\jakarta.annotation-api\2.1.1\jakarta.annotation-api-2.1.1.jar;C:\Users\prueba\.m2\repository\org\slf4j\slf4j-api\2.0.16\slf4j-api-2.0.16.jar;C:\Users\prueba\.m2\repository\javax\persistence\persistence-api\1.0.2\persistence-api-1.0.2.jar;C:\Users\prueba\.m2\repository\org\springframework\boot\spring-boot-starter-data-jdbc\3.3.5\spring-boot-starter-data-jdbc-3.3.5.jar;C:\Users\prueba\.m2\repository\org\springframework\boot\spring-boot-starter-jdbc\3.3.5\spring-boot-starter-jdbc-3.3.5.jar;C:\Users\prueba\.m2\repository\com\zaxxer\HikariCP\5.1.0\HikariCP-5.1.0.jar;C:\Users\prueba\.m2\repository\org\springframework\data\spring-data-jdbc\3.3.5\spring-data-jdbc-3.3.5.jar;C:\Users\prueba\.m2\repository\org\springframework\data\spring-data-relational\3.3.5\spring-data-relational-3.3.5.jar;C:\Users\prueba\.m2\repository\com\google\code\gson\gson\2.8.5\gson-2.8.5.jar
Launcher Type: SUN_STANDARD

[Global flags]
     intx CICompilerCount                          = 4                                         {product} {ergonomic}
     uint ConcGCThreads                            = 3                                         {product} {ergonomic}
     uint G1ConcRefinementThreads                  = 10                                        {product} {ergonomic}
   size_t G1HeapRegionSize                         = 2097152                                   {product} {ergonomic}
   size_t InitialHeapSize                          = 266338304                                 {product} {ergonomic}
     bool ManagementServer                         = true                                      {product} {command line}
   size_t MarkStackSize                            = 4194304                                   {product} {ergonomic}
   size_t MarkStackSizeMax                         = 536870912                                 {product} {ergonomic}
   size_t MaxHeapSize                              = 4261412864                                {product} {ergonomic}
   size_t MinHeapDeltaBytes                        = 2097152                                   {product} {ergonomic}
   size_t MinHeapSize                              = 8388608                                   {product} {ergonomic}
    uintx NonNMethodCodeHeapSize                   = 4096                                   {pd product} {ergonomic}
    uintx NonProfiledCodeHeapSize                  = 0                                      {pd product} {ergonomic}
     bool ProfileInterpreter                       = false                                  {pd product} {command line}
    uintx ProfiledCodeHeapSize                     = 0                                      {pd product} {ergonomic}
   size_t SoftMaxHeapSize                          = 4261412864                             {manageable} {ergonomic}
     intx TieredStopAtLevel                        = 1                                         {product} {command line}
     bool UseCompressedOops                        = true                           {product lp64_product} {ergonomic}
     bool UseG1GC                                  = true                                      {product} {ergonomic}
     bool UseLargePagesIndividualAllocation        = false                                  {pd product} {ergonomic}

Logging:
Log output configuration:
 #0: stdout all=warning uptime,level,tags foldmultilines=false
 #1: stderr all=off uptime,level,tags foldmultilines=false

Environment Variables:
PATH=C:\Program Files\Common Files\Oracle\Java\javapath;C:\Program Files (x86)\Common Files\Oracle\Java\javapath;C:\Windows\system32;C:\Windows;C:\Windows\System32\Wbem;C:\Windows\System32\WindowsPowerShell\v1.0\;C:\Windows\System32\OpenSSH\;C:\Program Files (x86)\NVIDIA Corporation\PhysX\Common;C:\Program Files\NVIDIA Corporation\NVIDIA NvDLISR;C:\WINDOWS\system32;C:\WINDOWS;C:\WINDOWS\System32\Wbem;C:\WINDOWS\System32\WindowsPowerShell\v1.0\;C:\WINDOWS\System32\OpenSSH\;C:\Program Files\dotnet\;C:\Program Files\Git\cmd;C:\workspace\apache-maven-3.9.9\bin;C:\Program Files\nodejs\;C:\Users\prueba\AppData\Local\Programs\Eclipse Adoptium\jdk-21.0.4.7-hotspot\bin;C:\Users\prueba\AppData\Local\Microsoft\WindowsApps;C:\Users\prueba\AppData\Roaming\npm
USERNAME=prueba
OS=Windows_NT
PROCESSOR_IDENTIFIER=AMD64 Family 25 Model 80 Stepping 0, AuthenticAMD
TMP=C:\Users\prueba\AppData\Local\Temp
TEMP=C:\Users\prueba\AppData\Local\Temp




Periodic native trim disabled

---------------  S Y S T E M  ---------------

OS:
 Windows 11 , 64 bit Build 26100 (10.0.26100.2161)
OS uptime: 0 days 0:52 hours

CPU: total 12 (initial active 12) (12 cores per cpu, 2 threads per core) family 25 model 80 stepping 0 microcode 0xa50000f, cx8, cmov, fxsr, ht, mmx, 3dnowpref, sse, sse2, sse3, ssse3, sse4a, sse4.1, sse4.2, popcnt, lzcnt, tsc, tscinvbit, avx, avx2, aes, erms, clmul, bmi1, bmi2, adx, sha, fma, vzeroupper, clflush, clflushopt, rdtscp, rdpid, fsrm, f16c, pku, cet_ss
Processor Information for the first 12 processors :
  Max Mhz: 3600, Current Mhz: 3600, Mhz Limit: 3600

Memory: 4k page, system-wide physical 16255M (1551M free)
TotalPageFile size 22109M (AvailPageFile size 106M)
current process WorkingSet (physical memory assigned to process): 15M, peak: 15M
current process commit charge ("private bytes"): 60M, peak: 313M

vm_info: OpenJDK 64-Bit Server VM (23.0.1+11-39) for windows-amd64 JRE (23.0.1+11-39), built on 2024-09-30T07:20:43Z with MS VC++ 17.6 (VS2022)

END.
